<?xml version="1.0" encoding="UTF-8"?>
<testsuite name="stack.and.queue.AppTest" tests="1" skipped="0" failures="0" errors="0" timestamp="2021-07-22T23:01:03" hostname="DESKTOP-S7PLQMF" time="0.003">
  <properties/>
  <testcase name="isBalance" classname="stack.and.queue.AppTest" time="0.003"/>
  <system-out><![CDATA[]]></system-out>
  <system-err><![CDATA[]]></system-err>
</testsuite>
