<?xml version="1.0" encoding="UTF-8"?>
<testsuite name="sort.AppTest" tests="1" skipped="0" failures="0" errors="0" timestamp="2021-08-10T16:03:25" hostname="DESKTOP-S7PLQMF" time="0.061">
  <properties/>
  <testcase name="insertionSortTest1()" classname="sort.AppTest" time="0.061"/>
  <system-out><![CDATA[]]></system-out>
  <system-err><![CDATA[]]></system-err>
</testsuite>
