<?xml version="1.0" encoding="UTF-8"?>
<testsuite name="trees.AppTest" tests="1" skipped="0" failures="0" errors="0" timestamp="2021-08-06T19:25:02" hostname="DESKTOP-S7PLQMF" time="0.051">
  <properties/>
  <testcase name="kTreeFizzBuzzTest()" classname="trees.AppTest" time="0.051"/>
  <system-out><![CDATA[]]></system-out>
  <system-err><![CDATA[]]></system-err>
</testsuite>
